Analysis & Synthesis report for ozer_alican_bonus
Sat Jan 03 15:41:04 2015
Quartus II 64-Bit Version 14.0.0 Build 200 06/17/2014 SJ Web Edition


---------------------
; Table of Contents ;
---------------------
  1. Legal Notice
  2. Analysis & Synthesis Summary
  3. Analysis & Synthesis Settings
  4. Parallel Compilation
  5. Analysis & Synthesis Source Files Read
  6. Analysis & Synthesis Resource Usage Summary
  7. Analysis & Synthesis Resource Utilization by Entity
  8. User-Specified and Inferred Latches
  9. General Register Statistics
 10. Parameter Settings for User Entity Instance: CONTROLLER:CONTROL
 11. Parameter Settings for User Entity Instance: ALUModul:ALU
 12. Parameter Settings for User Entity Instance: DATAMemory:DATAMEM
 13. Port Connectivity Checks: "ALUModul:ALU|setOnLessThan:_SLTIU"
 14. Port Connectivity Checks: "ALUModul:ALU"
 15. Post-Synthesis Netlist Statistics for Top Partition
 16. Elapsed Time Per Partition
 17. Analysis & Synthesis Messages
 18. Analysis & Synthesis Suppressed Messages



----------------
; Legal Notice ;
----------------
Copyright (C) 1991-2014 Altera Corporation. All rights reserved.
Your use of Altera Corporation's design tools, logic functions 
and other software and tools, and its AMPP partner logic 
functions, and any output files from any of the foregoing 
(including device programming or simulation files), and any 
associated documentation or information are expressly subject 
to the terms and conditions of the Altera Program License 
Subscription Agreement, the Altera Quartus II License Agreement,
the Altera MegaCore Function License Agreement, or other 
applicable license agreement, including, without limitation, 
that your use is for the sole purpose of programming logic 
devices manufactured by Altera and sold by Altera or its 
authorized distributors.  Please refer to the applicable 
agreement for further details.



+---------------------------------------------------------------------------------+
; Analysis & Synthesis Summary                                                    ;
+------------------------------------+--------------------------------------------+
; Analysis & Synthesis Status        ; Successful - Sat Jan 03 15:41:04 2015      ;
; Quartus II 64-Bit Version          ; 14.0.0 Build 200 06/17/2014 SJ Web Edition ;
; Revision Name                      ; ozer_alican_bonus                          ;
; Top-level Entity Name              ; ozer_alican_bonus                          ;
; Family                             ; Cyclone IV GX                              ;
; Total logic elements               ; 0                                          ;
;     Total combinational functions  ; 0                                          ;
;     Dedicated logic registers      ; 0                                          ;
; Total registers                    ; 0                                          ;
; Total pins                         ; 32                                         ;
; Total virtual pins                 ; 0                                          ;
; Total memory bits                  ; 0                                          ;
; Embedded Multiplier 9-bit elements ; 0                                          ;
; Total GXB Receiver Channel PCS     ; 0                                          ;
; Total GXB Receiver Channel PMA     ; 0                                          ;
; Total GXB Transmitter Channel PCS  ; 0                                          ;
; Total GXB Transmitter Channel PMA  ; 0                                          ;
; Total PLLs                         ; 0                                          ;
+------------------------------------+--------------------------------------------+


+----------------------------------------------------------------------------------------------------------------------+
; Analysis & Synthesis Settings                                                                                        ;
+----------------------------------------------------------------------------+--------------------+--------------------+
; Option                                                                     ; Setting            ; Default Value      ;
+----------------------------------------------------------------------------+--------------------+--------------------+
; Top-level entity name                                                      ; ozer_alican_bonus  ; ozer_alican_bonus  ;
; Family name                                                                ; Cyclone IV GX      ; Cyclone IV GX      ;
; Use smart compilation                                                      ; Off                ; Off                ;
; Enable parallel Assembler and TimeQuest Timing Analyzer during compilation ; On                 ; On                 ;
; Enable compact report table                                                ; Off                ; Off                ;
; Restructure Multiplexers                                                   ; Auto               ; Auto               ;
; Create Debugging Nodes for IP Cores                                        ; Off                ; Off                ;
; Preserve fewer node names                                                  ; On                 ; On                 ;
; Disable OpenCore Plus hardware evaluation                                  ; Off                ; Off                ;
; Verilog Version                                                            ; Verilog_2001       ; Verilog_2001       ;
; VHDL Version                                                               ; VHDL_1993          ; VHDL_1993          ;
; State Machine Processing                                                   ; Auto               ; Auto               ;
; Safe State Machine                                                         ; Off                ; Off                ;
; Extract Verilog State Machines                                             ; On                 ; On                 ;
; Extract VHDL State Machines                                                ; On                 ; On                 ;
; Ignore Verilog initial constructs                                          ; Off                ; Off                ;
; Iteration limit for constant Verilog loops                                 ; 5000               ; 5000               ;
; Iteration limit for non-constant Verilog loops                             ; 250                ; 250                ;
; Add Pass-Through Logic to Inferred RAMs                                    ; On                 ; On                 ;
; Infer RAMs from Raw Logic                                                  ; On                 ; On                 ;
; Parallel Synthesis                                                         ; On                 ; On                 ;
; DSP Block Balancing                                                        ; Auto               ; Auto               ;
; NOT Gate Push-Back                                                         ; On                 ; On                 ;
; Power-Up Don't Care                                                        ; On                 ; On                 ;
; Remove Redundant Logic Cells                                               ; Off                ; Off                ;
; Remove Duplicate Registers                                                 ; On                 ; On                 ;
; Ignore CARRY Buffers                                                       ; Off                ; Off                ;
; Ignore CASCADE Buffers                                                     ; Off                ; Off                ;
; Ignore GLOBAL Buffers                                                      ; Off                ; Off                ;
; Ignore ROW GLOBAL Buffers                                                  ; Off                ; Off                ;
; Ignore LCELL Buffers                                                       ; Off                ; Off                ;
; Ignore SOFT Buffers                                                        ; On                 ; On                 ;
; Limit AHDL Integers to 32 Bits                                             ; Off                ; Off                ;
; Optimization Technique                                                     ; Balanced           ; Balanced           ;
; Carry Chain Length                                                         ; 70                 ; 70                 ;
; Auto Carry Chains                                                          ; On                 ; On                 ;
; Auto Open-Drain Pins                                                       ; On                 ; On                 ;
; Perform WYSIWYG Primitive Resynthesis                                      ; Off                ; Off                ;
; Auto ROM Replacement                                                       ; On                 ; On                 ;
; Auto RAM Replacement                                                       ; On                 ; On                 ;
; Auto DSP Block Replacement                                                 ; On                 ; On                 ;
; Auto Shift Register Replacement                                            ; Auto               ; Auto               ;
; Allow Shift Register Merging across Hierarchies                            ; Auto               ; Auto               ;
; Auto Clock Enable Replacement                                              ; On                 ; On                 ;
; Strict RAM Replacement                                                     ; Off                ; Off                ;
; Allow Synchronous Control Signals                                          ; On                 ; On                 ;
; Force Use of Synchronous Clear Signals                                     ; Off                ; Off                ;
; Auto RAM Block Balancing                                                   ; On                 ; On                 ;
; Auto RAM to Logic Cell Conversion                                          ; Off                ; Off                ;
; Auto Resource Sharing                                                      ; Off                ; Off                ;
; Allow Any RAM Size For Recognition                                         ; Off                ; Off                ;
; Allow Any ROM Size For Recognition                                         ; Off                ; Off                ;
; Allow Any Shift Register Size For Recognition                              ; Off                ; Off                ;
; Use LogicLock Constraints during Resource Balancing                        ; On                 ; On                 ;
; Ignore translate_off and synthesis_off directives                          ; Off                ; Off                ;
; Timing-Driven Synthesis                                                    ; On                 ; On                 ;
; Report Parameter Settings                                                  ; On                 ; On                 ;
; Report Source Assignments                                                  ; On                 ; On                 ;
; Report Connectivity Checks                                                 ; On                 ; On                 ;
; Ignore Maximum Fan-Out Assignments                                         ; Off                ; Off                ;
; Synchronization Register Chain Length                                      ; 2                  ; 2                  ;
; PowerPlay Power Optimization                                               ; Normal compilation ; Normal compilation ;
; HDL message level                                                          ; Level2             ; Level2             ;
; Suppress Register Optimization Related Messages                            ; Off                ; Off                ;
; Number of Removed Registers Reported in Synthesis Report                   ; 5000               ; 5000               ;
; Number of Swept Nodes Reported in Synthesis Report                         ; 5000               ; 5000               ;
; Number of Inverted Registers Reported in Synthesis Report                  ; 100                ; 100                ;
; Clock MUX Protection                                                       ; On                 ; On                 ;
; Auto Gated Clock Conversion                                                ; Off                ; Off                ;
; Block Design Naming                                                        ; Auto               ; Auto               ;
; SDC constraint protection                                                  ; Off                ; Off                ;
; Synthesis Effort                                                           ; Auto               ; Auto               ;
; Shift Register Replacement - Allow Asynchronous Clear Signal               ; On                 ; On                 ;
; Pre-Mapping Resynthesis Optimization                                       ; Off                ; Off                ;
; Analysis & Synthesis Message Level                                         ; Medium             ; Medium             ;
; Disable Register Merging Across Hierarchies                                ; Auto               ; Auto               ;
; Resource Aware Inference For Block RAM                                     ; On                 ; On                 ;
; Synthesis Seed                                                             ; 1                  ; 1                  ;
+----------------------------------------------------------------------------+--------------------+--------------------+


+------------------------------------------+
; Parallel Compilation                     ;
+----------------------------+-------------+
; Processors                 ; Number      ;
+----------------------------+-------------+
; Number detected on machine ; 8           ;
; Maximum allowed            ; 4           ;
;                            ;             ;
; Average used               ; 1.00        ;
; Maximum used               ; 1           ;
;                            ;             ;
; Usage by Processor         ; % Time Used ;
;     Processor 1            ; 100.0%      ;
;     Processors 2-8         ;   0.0%      ;
+----------------------------+-------------+


+-------------------------------------------------------------------------------------------------------------------------------------------------------------------------------------------------------------------+
; Analysis & Synthesis Source Files Read                                                                                                                                                                            ;
+----------------------------------+-----------------+------------------------+---------------------------------------------------------------------------------------------------------------------------+---------+
; File Name with User-Entered Path ; Used in Netlist ; File Type              ; File Name with Absolute Path                                                                                              ; Library ;
+----------------------------------+-----------------+------------------------+---------------------------------------------------------------------------------------------------------------------------+---------+
; REGMemory.v                      ; yes             ; User Verilog HDL File  ; C:/Users/Can/Desktop/Organizasyon/Projeler/ozer_alican_111044070_bonus_32/ozer_alican_111044070_bonus/REGMemory.v         ;         ;
; PCModul.v                        ; yes             ; User Verilog HDL File  ; C:/Users/Can/Desktop/Organizasyon/Projeler/ozer_alican_111044070_bonus_32/ozer_alican_111044070_bonus/PCModul.v           ;         ;
; ozer_alican_bonus.v              ; yes             ; User Verilog HDL File  ; C:/Users/Can/Desktop/Organizasyon/Projeler/ozer_alican_111044070_bonus_32/ozer_alican_111044070_bonus/ozer_alican_bonus.v ;         ;
; INSTMemory.v                     ; yes             ; User Verilog HDL File  ; C:/Users/Can/Desktop/Organizasyon/Projeler/ozer_alican_111044070_bonus_32/ozer_alican_111044070_bonus/INSTMemory.v        ;         ;
; DATAMemory.v                     ; yes             ; User Verilog HDL File  ; C:/Users/Can/Desktop/Organizasyon/Projeler/ozer_alican_111044070_bonus_32/ozer_alican_111044070_bonus/DATAMemory.v        ;         ;
; ALUModul.v                       ; yes             ; User Verilog HDL File  ; C:/Users/Can/Desktop/Organizasyon/Projeler/ozer_alican_111044070_bonus_32/ozer_alican_111044070_bonus/ALUModul.v          ;         ;
; CONTROLLER.v                     ; yes             ; User Verilog HDL File  ; C:/Users/Can/Desktop/Organizasyon/Projeler/ozer_alican_111044070_bonus_32/ozer_alican_111044070_bonus/CONTROLLER.v        ;         ;
+----------------------------------+-----------------+------------------------+---------------------------------------------------------------------------------------------------------------------------+---------+


+---------------------------------------------+
; Analysis & Synthesis Resource Usage Summary ;
+--------------------------+------------------+
; Resource                 ; Usage            ;
+--------------------------+------------------+
; I/O pins                 ; 32               ;
; DSP block 9-bit elements ; 0                ;
; Maximum fan-out node     ; Result[0]~output ;
; Maximum fan-out          ; 1                ;
; Total fan-out            ; 32               ;
; Average fan-out          ; 0.50             ;
+--------------------------+------------------+


+-----------------------------------------------------------------------------------------------------------------------------------------------------------------------------------------+
; Analysis & Synthesis Resource Utilization by Entity                                                                                                                                     ;
+----------------------------+-------------------+--------------+-------------+--------------+---------+-----------+-----------+------+--------------+---------------------+--------------+
; Compilation Hierarchy Node ; LC Combinationals ; LC Registers ; Memory Bits ; DSP Elements ; DSP 9x9 ; DSP 18x18 ; DSP 36x36 ; Pins ; Virtual Pins ; Full Hierarchy Name ; Library Name ;
+----------------------------+-------------------+--------------+-------------+--------------+---------+-----------+-----------+------+--------------+---------------------+--------------+
; |ozer_alican_bonus         ; 0 (0)             ; 0 (0)        ; 0           ; 0            ; 0       ; 0         ; 0         ; 32   ; 0            ; |ozer_alican_bonus  ; work         ;
+----------------------------+-------------------+--------------+-------------+--------------+---------+-----------+-----------+------+--------------+---------------------+--------------+
Note: For table entries with two numbers listed, the numbers in parentheses indicate the number of resources of the given type used by the specific entity alone. The numbers listed outside of parentheses indicate the total resources of the given type used by the specific entity and all of its sub-entities in the hierarchy.


+----------------------------------------------------------------------------------------------------+
; User-Specified and Inferred Latches                                                                ;
+-----------------------------------------------------+---------------------+------------------------+
; Latch Name                                          ; Latch Enable Signal ; Free of Timing Hazards ;
+-----------------------------------------------------+---------------------+------------------------+
; REGMemory:REG|RMEM~0                                ; VCC                 ; yes                    ;
; REGMemory:REG|RMEM~1                                ; VCC                 ; yes                    ;
; REGMemory:REG|RMEM~2                                ; VCC                 ; yes                    ;
; REGMemory:REG|RMEM~3                                ; VCC                 ; yes                    ;
; REGMemory:REG|RMEM~4                                ; VCC                 ; yes                    ;
; REGMemory:REG|RMEM~5                                ; VCC                 ; yes                    ;
; REGMemory:REG|RMEM~6                                ; VCC                 ; yes                    ;
; REGMemory:REG|RMEM~7                                ; VCC                 ; yes                    ;
; REGMemory:REG|RMEM~8                                ; VCC                 ; yes                    ;
; REGMemory:REG|RMEM~9                                ; VCC                 ; yes                    ;
; REGMemory:REG|RMEM~10                               ; VCC                 ; yes                    ;
; REGMemory:REG|RMEM~11                               ; VCC                 ; yes                    ;
; REGMemory:REG|RMEM~12                               ; VCC                 ; yes                    ;
; REGMemory:REG|RMEM~13                               ; VCC                 ; yes                    ;
; REGMemory:REG|RMEM~14                               ; VCC                 ; yes                    ;
; REGMemory:REG|RMEM~15                               ; VCC                 ; yes                    ;
; REGMemory:REG|RMEM~16                               ; VCC                 ; yes                    ;
; REGMemory:REG|RMEM~17                               ; VCC                 ; yes                    ;
; REGMemory:REG|RMEM~18                               ; VCC                 ; yes                    ;
; REGMemory:REG|RMEM~19                               ; VCC                 ; yes                    ;
; REGMemory:REG|RMEM~20                               ; VCC                 ; yes                    ;
; REGMemory:REG|RMEM~21                               ; VCC                 ; yes                    ;
; REGMemory:REG|RMEM~22                               ; VCC                 ; yes                    ;
; REGMemory:REG|RMEM~23                               ; VCC                 ; yes                    ;
; REGMemory:REG|RMEM~24                               ; VCC                 ; yes                    ;
; REGMemory:REG|RMEM~25                               ; VCC                 ; yes                    ;
; REGMemory:REG|RMEM~26                               ; VCC                 ; yes                    ;
; REGMemory:REG|RMEM~27                               ; VCC                 ; yes                    ;
; REGMemory:REG|RMEM~28                               ; VCC                 ; yes                    ;
; REGMemory:REG|RMEM~29                               ; VCC                 ; yes                    ;
; REGMemory:REG|RMEM~30                               ; VCC                 ; yes                    ;
; REGMemory:REG|RMEM~31                               ; VCC                 ; yes                    ;
; Number of user-specified and inferred latches = 32  ;                     ;                        ;
+-----------------------------------------------------+---------------------+------------------------+
Note: All latches listed above may not be present at the end of synthesis due to various synthesis optimizations.


+------------------------------------------------------+
; General Register Statistics                          ;
+----------------------------------------------+-------+
; Statistic                                    ; Value ;
+----------------------------------------------+-------+
; Total registers                              ; 0     ;
; Number of registers using Synchronous Clear  ; 0     ;
; Number of registers using Synchronous Load   ; 0     ;
; Number of registers using Asynchronous Clear ; 0     ;
; Number of registers using Asynchronous Load  ; 0     ;
; Number of registers using Clock Enable       ; 0     ;
; Number of registers using Preset             ; 0     ;
+----------------------------------------------+-------+


+-----------------------------------------------------------------+
; Parameter Settings for User Entity Instance: CONTROLLER:CONTROL ;
+----------------+--------+---------------------------------------+
; Parameter Name ; Value  ; Type                                  ;
+----------------+--------+---------------------------------------+
; R_TYPE         ; 000000 ; Unsigned Binary                       ;
; ADD            ; 100000 ; Unsigned Binary                       ;
; SUB            ; 100010 ; Unsigned Binary                       ;
; AND            ; 100100 ; Unsigned Binary                       ;
; OR             ; 100101 ; Unsigned Binary                       ;
; SRA            ; 000011 ; Unsigned Binary                       ;
; SRL            ; 000010 ; Unsigned Binary                       ;
; SLL            ; 000000 ; Unsigned Binary                       ;
; SLLV           ; 000100 ; Unsigned Binary                       ;
; SLT            ; 101010 ; Unsigned Binary                       ;
; ADDI           ; 001000 ; Unsigned Binary                       ;
; ADDIU          ; 001001 ; Unsigned Binary                       ;
; ANDI           ; 001100 ; Unsigned Binary                       ;
; ORI            ; 001101 ; Unsigned Binary                       ;
; LUI            ; 001111 ; Unsigned Binary                       ;
; SLTIU          ; 001011 ; Unsigned Binary                       ;
; SLTI           ; 001010 ; Unsigned Binary                       ;
; BEQ            ; 000100 ; Unsigned Binary                       ;
; BNE            ; 000101 ; Unsigned Binary                       ;
; LW             ; 100011 ; Unsigned Binary                       ;
; SW             ; 101011 ; Unsigned Binary                       ;
; JUMP           ; 000010 ; Unsigned Binary                       ;
+----------------+--------+---------------------------------------+
Note: In order to hide this table in the UI and the text report file, please set the "Show Parameter Settings in Synthesis Report" option in "Analysis and Synthesis Settings -> More Settings" to "Off".


+-----------------------------------------------------------+
; Parameter Settings for User Entity Instance: ALUModul:ALU ;
+----------------+-------+----------------------------------+
; Parameter Name ; Value ; Type                             ;
+----------------+-------+----------------------------------+
; ADD            ; 00000 ; Unsigned Binary                  ;
; SUB            ; 00001 ; Unsigned Binary                  ;
; AND            ; 00010 ; Unsigned Binary                  ;
; OR             ; 00011 ; Unsigned Binary                  ;
; SRA            ; 00100 ; Unsigned Binary                  ;
; SRL            ; 00101 ; Unsigned Binary                  ;
; SLL            ; 00110 ; Unsigned Binary                  ;
; SLLV           ; 00111 ; Unsigned Binary                  ;
; SLT            ; 01000 ; Unsigned Binary                  ;
; ADDI           ; 01001 ; Unsigned Binary                  ;
; ADDIU          ; 01010 ; Unsigned Binary                  ;
; ANDI           ; 01011 ; Unsigned Binary                  ;
; ORI            ; 01100 ; Unsigned Binary                  ;
; LUI            ; 01101 ; Unsigned Binary                  ;
; SLTIU          ; 01110 ; Unsigned Binary                  ;
; SLTI           ; 01111 ; Unsigned Binary                  ;
; BEQ            ; 10000 ; Unsigned Binary                  ;
; BNE            ; 10001 ; Unsigned Binary                  ;
; LW             ; 10010 ; Unsigned Binary                  ;
; SW             ; 10011 ; Unsigned Binary                  ;
+----------------+-------+----------------------------------+
Note: In order to hide this table in the UI and the text report file, please set the "Show Parameter Settings in Synthesis Report" option in "Analysis and Synthesis Settings -> More Settings" to "Off".


+-----------------------------------------------------------------+
; Parameter Settings for User Entity Instance: DATAMemory:DATAMEM ;
+----------------+-------+----------------------------------------+
; Parameter Name ; Value ; Type                                   ;
+----------------+-------+----------------------------------------+
; RAMSIZE        ; 12    ; Signed Integer                         ;
+----------------+-------+----------------------------------------+
Note: In order to hide this table in the UI and the text report file, please set the "Show Parameter Settings in Synthesis Report" option in "Analysis and Synthesis Settings -> More Settings" to "Off".


+---------------------------------------------------------------+
; Port Connectivity Checks: "ALUModul:ALU|setOnLessThan:_SLTIU" ;
+----------------+-------+----------+---------------------------+
; Port           ; Type  ; Severity ; Details                   ;
+----------------+-------+----------+---------------------------+
; inner2[31..16] ; Input ; Info     ; Stuck at GND              ;
+----------------+-------+----------+---------------------------+


+--------------------------------------------------------------------------------------------------------------------+
; Port Connectivity Checks: "ALUModul:ALU"                                                                           ;
+----------+--------+----------+-------------------------------------------------------------------------------------+
; Port     ; Type   ; Severity ; Details                                                                             ;
+----------+--------+----------+-------------------------------------------------------------------------------------+
; Carry    ; Output ; Info     ; Connected to dangling logic. Logic that only feeds a dangling port will be removed. ;
; OverFlow ; Output ; Info     ; Connected to dangling logic. Logic that only feeds a dangling port will be removed. ;
+----------+--------+----------+-------------------------------------------------------------------------------------+


+-----------------------------------------------------+
; Post-Synthesis Netlist Statistics for Top Partition ;
+-----------------------+-----------------------------+
; Type                  ; Count                       ;
+-----------------------+-----------------------------+
; boundary_port         ; 32                          ;
; cycloneiii_lcell_comb ; 1                           ;
;     normal            ; 1                           ;
;         0 data inputs ; 1                           ;
;                       ;                             ;
; Max LUT depth         ; 0.00                        ;
; Average LUT depth     ; 0.00                        ;
+-----------------------+-----------------------------+


+-------------------------------+
; Elapsed Time Per Partition    ;
+----------------+--------------+
; Partition Name ; Elapsed Time ;
+----------------+--------------+
; Top            ; 00:00:00     ;
+----------------+--------------+


+-------------------------------+
; Analysis & Synthesis Messages ;
+-------------------------------+
Info: *******************************************************************
Info: Running Quartus II 64-Bit Analysis & Synthesis
    Info: Version 14.0.0 Build 200 06/17/2014 SJ Web Edition
    Info: Processing started: Sat Jan 03 15:41:02 2015
Info: Command: quartus_map --read_settings_files=on --write_settings_files=off ozer_alican_bonus -c ozer_alican_bonus
Info (11104): Parallel Compilation has detected 8 hyper-threaded processors. However, the extra hyper-threaded processors will not be used by default. Parallel Compilation will use 4 of the 4 physical processors detected instead.
Info (12021): Found 1 design units, including 1 entities, in source file test_top.v
    Info (12023): Found entity 1: test_top
Info (12021): Found 1 design units, including 1 entities, in source file test_register.v
    Info (12023): Found entity 1: test_register
Info (12021): Found 1 design units, including 1 entities, in source file regmemory.v
    Info (12023): Found entity 1: REGMemory
Info (12021): Found 1 design units, including 1 entities, in source file pcmodul.v
    Info (12023): Found entity 1: PCModul
Info (12021): Found 3 design units, including 3 entities, in source file ozer_alican_bonus.v
    Info (12023): Found entity 1: ozer_alican_bonus
    Info (12023): Found entity 2: mux2_32b
    Info (12023): Found entity 3: mux2_5b
Info (12021): Found 1 design units, including 1 entities, in source file instmemory.v
    Info (12023): Found entity 1: INSTMemory
Info (12021): Found 1 design units, including 1 entities, in source file datamemory.v
    Info (12023): Found entity 1: DATAMemory
Info (12021): Found 3 design units, including 3 entities, in source file alumodul.v
    Info (12023): Found entity 1: ALUModul
    Info (12023): Found entity 2: shiftRA
    Info (12023): Found entity 3: setOnLessThan
Info (12021): Found 1 design units, including 1 entities, in source file controller.v
    Info (12023): Found entity 1: CONTROLLER
Info (12127): Elaborating entity "ozer_alican_bonus" for the top level hierarchy
Info (12128): Elaborating entity "PCModul" for hierarchy "PCModul:PC"
Warning (10036): Verilog HDL or VHDL warning at PCModul.v(6): object "PCreg" assigned a value but never read
Info (12128): Elaborating entity "INSTMemory" for hierarchy "INSTMemory:IM"
Warning (10858): Verilog HDL warning at INSTMemory.v(6): object IMEM used but never assigned
Warning (10030): Net "IMEM" at INSTMemory.v(6) has no driver or initial value, using a default initial value '0'
Info (12128): Elaborating entity "CONTROLLER" for hierarchy "CONTROLLER:CONTROL"
Info (12128): Elaborating entity "mux2_5b" for hierarchy "mux2_5b:wrReg"
Info (12128): Elaborating entity "REGMemory" for hierarchy "REGMemory:REG"
Info (12128): Elaborating entity "mux2_32b" for hierarchy "mux2_32b:alu1"
Info (12128): Elaborating entity "ALUModul" for hierarchy "ALUModul:ALU"
Info (12128): Elaborating entity "shiftRA" for hierarchy "ALUModul:ALU|shiftRA:_SRA"
Warning (10230): Verilog HDL assignment warning at ALUModul.v(111): truncated value with size 33 to match size of target (32)
Warning (10230): Verilog HDL assignment warning at ALUModul.v(112): truncated value with size 34 to match size of target (32)
Warning (10230): Verilog HDL assignment warning at ALUModul.v(113): truncated value with size 36 to match size of target (32)
Warning (10230): Verilog HDL assignment warning at ALUModul.v(114): truncated value with size 40 to match size of target (32)
Warning (10230): Verilog HDL assignment warning at ALUModul.v(115): truncated value with size 48 to match size of target (32)
Info (12128): Elaborating entity "setOnLessThan" for hierarchy "ALUModul:ALU|setOnLessThan:_SLT"
Info (12128): Elaborating entity "DATAMemory" for hierarchy "DATAMemory:DATAMEM"
Warning (10240): Verilog HDL Always Construct warning at DATAMemory.v(10): inferring latch(es) for variable "ReadData", which holds its previous value in one or more paths through the always construct
Info (10041): Inferred latch for "ReadData[0]" at DATAMemory.v(10)
Info (10041): Inferred latch for "ReadData[1]" at DATAMemory.v(10)
Info (10041): Inferred latch for "ReadData[2]" at DATAMemory.v(10)
Info (10041): Inferred latch for "ReadData[3]" at DATAMemory.v(10)
Info (10041): Inferred latch for "ReadData[4]" at DATAMemory.v(10)
Info (10041): Inferred latch for "ReadData[5]" at DATAMemory.v(10)
Info (10041): Inferred latch for "ReadData[6]" at DATAMemory.v(10)
Info (10041): Inferred latch for "ReadData[7]" at DATAMemory.v(10)
Info (10041): Inferred latch for "ReadData[8]" at DATAMemory.v(10)
Info (10041): Inferred latch for "ReadData[9]" at DATAMemory.v(10)
Info (10041): Inferred latch for "ReadData[10]" at DATAMemory.v(10)
Info (10041): Inferred latch for "ReadData[11]" at DATAMemory.v(10)
Info (10041): Inferred latch for "ReadData[12]" at DATAMemory.v(10)
Info (10041): Inferred latch for "ReadData[13]" at DATAMemory.v(10)
Info (10041): Inferred latch for "ReadData[14]" at DATAMemory.v(10)
Info (10041): Inferred latch for "ReadData[15]" at DATAMemory.v(10)
Info (10041): Inferred latch for "ReadData[16]" at DATAMemory.v(10)
Info (10041): Inferred latch for "ReadData[17]" at DATAMemory.v(10)
Info (10041): Inferred latch for "ReadData[18]" at DATAMemory.v(10)
Info (10041): Inferred latch for "ReadData[19]" at DATAMemory.v(10)
Info (10041): Inferred latch for "ReadData[20]" at DATAMemory.v(10)
Info (10041): Inferred latch for "ReadData[21]" at DATAMemory.v(10)
Info (10041): Inferred latch for "ReadData[22]" at DATAMemory.v(10)
Info (10041): Inferred latch for "ReadData[23]" at DATAMemory.v(10)
Info (10041): Inferred latch for "ReadData[24]" at DATAMemory.v(10)
Info (10041): Inferred latch for "ReadData[25]" at DATAMemory.v(10)
Info (10041): Inferred latch for "ReadData[26]" at DATAMemory.v(10)
Info (10041): Inferred latch for "ReadData[27]" at DATAMemory.v(10)
Info (10041): Inferred latch for "ReadData[28]" at DATAMemory.v(10)
Info (10041): Inferred latch for "ReadData[29]" at DATAMemory.v(10)
Info (10041): Inferred latch for "ReadData[30]" at DATAMemory.v(10)
Info (10041): Inferred latch for "ReadData[31]" at DATAMemory.v(10)
Warning (13024): Output pins are stuck at VCC or GND
    Warning (13410): Pin "Result[0]" is stuck at GND
    Warning (13410): Pin "Result[1]" is stuck at GND
    Warning (13410): Pin "Result[2]" is stuck at GND
    Warning (13410): Pin "Result[3]" is stuck at GND
    Warning (13410): Pin "Result[4]" is stuck at GND
    Warning (13410): Pin "Result[5]" is stuck at GND
    Warning (13410): Pin "Result[6]" is stuck at GND
    Warning (13410): Pin "Result[7]" is stuck at GND
    Warning (13410): Pin "Result[8]" is stuck at GND
    Warning (13410): Pin "Result[9]" is stuck at GND
    Warning (13410): Pin "Result[10]" is stuck at GND
    Warning (13410): Pin "Result[11]" is stuck at GND
    Warning (13410): Pin "Result[12]" is stuck at GND
    Warning (13410): Pin "Result[13]" is stuck at GND
    Warning (13410): Pin "Result[14]" is stuck at GND
    Warning (13410): Pin "Result[15]" is stuck at GND
    Warning (13410): Pin "Result[16]" is stuck at GND
    Warning (13410): Pin "Result[17]" is stuck at GND
    Warning (13410): Pin "Result[18]" is stuck at GND
    Warning (13410): Pin "Result[19]" is stuck at GND
    Warning (13410): Pin "Result[20]" is stuck at GND
    Warning (13410): Pin "Result[21]" is stuck at GND
    Warning (13410): Pin "Result[22]" is stuck at GND
    Warning (13410): Pin "Result[23]" is stuck at GND
    Warning (13410): Pin "Result[24]" is stuck at GND
    Warning (13410): Pin "Result[25]" is stuck at GND
    Warning (13410): Pin "Result[26]" is stuck at GND
    Warning (13410): Pin "Result[27]" is stuck at GND
    Warning (13410): Pin "Result[28]" is stuck at GND
    Warning (13410): Pin "Result[29]" is stuck at GND
    Warning (13410): Pin "Result[30]" is stuck at GND
    Warning (13410): Pin "Result[31]" is stuck at GND
Info (144001): Generated suppressed messages file C:/Users/Can/Desktop/Organizasyon/Projeler/ozer_alican_111044070_bonus_32/ozer_alican_111044070_bonus/output_files/ozer_alican_bonus.map.smsg
Info (16010): Generating hard_block partition "hard_block:auto_generated_inst"
    Info (16011): Adding 0 node(s), including 0 DDIO, 0 PLL, 0 transceiver and 0 LCELL
Info (21057): Implemented 32 device resources after synthesis - the final resource count might be different
    Info (21058): Implemented 0 input pins
    Info (21059): Implemented 32 output pins
Info: Quartus II 64-Bit Analysis & Synthesis was successful. 0 errors, 42 warnings
    Info: Peak virtual memory: 592 megabytes
    Info: Processing ended: Sat Jan 03 15:41:04 2015
    Info: Elapsed time: 00:00:02
    Info: Total CPU time (on all processors): 00:00:02


+------------------------------------------+
; Analysis & Synthesis Suppressed Messages ;
+------------------------------------------+
The suppressed messages can be found in C:/Users/Can/Desktop/Organizasyon/Projeler/ozer_alican_111044070_bonus_32/ozer_alican_111044070_bonus/output_files/ozer_alican_bonus.map.smsg.


