Flow report for ozer_alican_pr2
Mon Nov 10 00:29:18 2014
Quartus II 64-Bit Version 14.0.0 Build 200 06/17/2014 SJ Web Edition


---------------------
; Table of Contents ;
---------------------
  1. Legal Notice
  2. Flow Summary
  3. Flow Settings
  4. Flow Non-Default Global Settings
  5. Flow Elapsed Time
  6. Flow OS Summary
  7. Flow Log
  8. Flow Messages
  9. Flow Suppressed Messages



----------------
; Legal Notice ;
----------------
Copyright (C) 1991-2014 Altera Corporation. All rights reserved.
Your use of Altera Corporation's design tools, logic functions 
and other software and tools, and its AMPP partner logic 
functions, and any output files from any of the foregoing 
(including device programming or simulation files), and any 
associated documentation or information are expressly subject 
to the terms and conditions of the Altera Program License 
Subscription Agreement, the Altera Quartus II License Agreement,
the Altera MegaCore Function License Agreement, or other 
applicable license agreement, including, without limitation, 
that your use is for the sole purpose of programming logic 
devices manufactured by Altera and sold by Altera or its 
authorized distributors.  Please refer to the applicable 
agreement for further details.



+---------------------------------------------------------------------------------+
; Flow Summary                                                                    ;
+------------------------------------+--------------------------------------------+
; Flow Status                        ; Successful - Mon Nov 10 00:29:18 2014      ;
; Quartus II 64-Bit Version          ; 14.0.0 Build 200 06/17/2014 SJ Web Edition ;
; Revision Name                      ; ozer_alican_pr2                            ;
; Top-level Entity Name              ; ozer_alican_pr2                            ;
; Family                             ; Cyclone IV GX                              ;
; Total logic elements               ; 728 / 21,280 ( 3 % )                       ;
;     Total combinational functions  ; 728 / 21,280 ( 3 % )                       ;
;     Dedicated logic registers      ; 0 / 21,280 ( 0 % )                         ;
; Total registers                    ; 0                                          ;
; Total pins                         ; 64 / 167 ( 38 % )                          ;
; Total virtual pins                 ; 0                                          ;
; Total memory bits                  ; 0 / 774,144 ( 0 % )                        ;
; Embedded Multiplier 9-bit elements ; 0 / 80 ( 0 % )                             ;
; Total GXB Receiver Channel PCS     ; 0 / 4 ( 0 % )                              ;
; Total GXB Receiver Channel PMA     ; 0 / 4 ( 0 % )                              ;
; Total GXB Transmitter Channel PCS  ; 0 / 4 ( 0 % )                              ;
; Total GXB Transmitter Channel PMA  ; 0 / 4 ( 0 % )                              ;
; Total PLLs                         ; 0 / 4 ( 0 % )                              ;
; Device                             ; EP4CGX22CF19C6                             ;
; Timing Models                      ; Final                                      ;
+------------------------------------+--------------------------------------------+


+-----------------------------------------+
; Flow Settings                           ;
+-------------------+---------------------+
; Option            ; Setting             ;
+-------------------+---------------------+
; Start date & time ; 11/10/2014 00:28:50 ;
; Main task         ; Compilation         ;
; Revision Name     ; ozer_alican_pr2     ;
+-------------------+---------------------+


+----------------------------------------------------------------------------------------------------------------------+
; Flow Non-Default Global Settings                                                                                     ;
+-------------------------------------+---------------------------------+---------------+-------------+----------------+
; Assignment Name                     ; Value                           ; Default Value ; Entity Name ; Section Id     ;
+-------------------------------------+---------------------------------+---------------+-------------+----------------+
; COMPILER_SIGNATURE_ID               ; 242467517380695.141557213006200 ; --            ; --          ; --             ;
; EDA_OUTPUT_DATA_FORMAT              ; Verilog Hdl                     ; --            ; --          ; eda_simulation ;
; EDA_SIMULATION_TOOL                 ; ModelSim-Altera (Verilog)       ; <None>        ; --          ; --             ;
; PARTITION_COLOR                     ; 16764057                        ; --            ; --          ; Top            ;
; PARTITION_FITTER_PRESERVATION_LEVEL ; PLACEMENT_AND_ROUTING           ; --            ; --          ; Top            ;
; PARTITION_NETLIST_TYPE              ; SOURCE                          ; --            ; --          ; Top            ;
; PROJECT_OUTPUT_DIRECTORY            ; output_files                    ; --            ; --          ; --             ;
+-------------------------------------+---------------------------------+---------------+-------------+----------------+


+-------------------------------------------------------------------------------------------------------------------------------+
; Flow Elapsed Time                                                                                                             ;
+---------------------------+--------------+-------------------------+---------------------+------------------------------------+
; Module Name               ; Elapsed Time ; Average Processors Used ; Peak Virtual Memory ; Total CPU Time (on all processors) ;
+---------------------------+--------------+-------------------------+---------------------+------------------------------------+
; Analysis & Synthesis      ; 00:00:05     ; 1.0                     ; 620 MB              ; 00:00:05                           ;
; Fitter                    ; 00:00:09     ; 1.0                     ; 1302 MB             ; 00:00:11                           ;
; Assembler                 ; 00:00:01     ; 1.0                     ; 565 MB              ; 00:00:02                           ;
; TimeQuest Timing Analyzer ; 00:00:03     ; 1.0                     ; 575 MB              ; 00:00:03                           ;
; EDA Netlist Writer        ; 00:00:01     ; 1.0                     ; 518 MB              ; 00:00:02                           ;
; Total                     ; 00:00:19     ; --                      ; --                  ; 00:00:23                           ;
+---------------------------+--------------+-------------------------+---------------------+------------------------------------+


+----------------------------------------------------------------------------------------+
; Flow OS Summary                                                                        ;
+---------------------------+------------------+-----------+------------+----------------+
; Module Name               ; Machine Hostname ; OS Name   ; OS Version ; Processor type ;
+---------------------------+------------------+-----------+------------+----------------+
; Analysis & Synthesis      ; Can-Bilgisayar   ; Windows 7 ; 6.1        ; x86_64         ;
; Fitter                    ; Can-Bilgisayar   ; Windows 7 ; 6.1        ; x86_64         ;
; Assembler                 ; Can-Bilgisayar   ; Windows 7 ; 6.1        ; x86_64         ;
; TimeQuest Timing Analyzer ; Can-Bilgisayar   ; Windows 7 ; 6.1        ; x86_64         ;
; EDA Netlist Writer        ; Can-Bilgisayar   ; Windows 7 ; 6.1        ; x86_64         ;
+---------------------------+------------------+-----------+------------+----------------+


------------
; Flow Log ;
------------
quartus_map --read_settings_files=on --write_settings_files=off ozer_alican_pr2 -c ozer_alican_pr2
quartus_fit --read_settings_files=off --write_settings_files=off ozer_alican_pr2 -c ozer_alican_pr2
quartus_asm --read_settings_files=off --write_settings_files=off ozer_alican_pr2 -c ozer_alican_pr2
quartus_sta ozer_alican_pr2 -c ozer_alican_pr2
quartus_eda --read_settings_files=off --write_settings_files=off ozer_alican_pr2 -c ozer_alican_pr2



